kotlin version: 2.0.0
error message: java.io.FileNotFoundException: /Users/maximegirard/Documents/Projets_OpenClassroom/Android/VitesseApp/app/build/generated/data_binding_base_class_source_out/debug/out/com/example/vitesseapp/databinding/DetailScreenFragmentBinding.java (No such file or directory)
	at java.base/java.io.FileInputStream.open0(Native Method)
	at java.base/java.io.FileInputStream.open(Unknown Source)
	at java.base/java.io.FileInputStream.<init>(Unknown Source)
	at org.jetbrains.kotlin.com.intellij.openapi.util.io.FileUtil.loadFileBytes(FileUtil.java:204)
	at org.jetbrains.kotlin.com.intellij.openapi.vfs.local.CoreLocalVirtualFile.contentsToByteArray(CoreLocalVirtualFile.java:98)
	at org.jetbrains.kotlin.cli.jvm.index.SingleJavaFileRootsIndex$JavaSourceClassIdReader.<init>(SingleJavaFileRootsIndex.kt:58)
	at org.jetbrains.kotlin.cli.jvm.index.SingleJavaFileRootsIndex.getClassIdsForRootAt(SingleJavaFileRootsIndex.kt:48)
	at org.jetbrains.kotlin.cli.jvm.index.SingleJavaFileRootsIndex.findJavaSourceClasses(SingleJavaFileRootsIndex.kt:44)
	at org.jetbrains.kotlin.cli.jvm.compiler.KotlinCliJavaFileManagerImpl.knownClassNamesInPackage(KotlinCliJavaFileManagerImpl.kt:277)
	at org.jetbrains.kotlin.resolve.jvm.KotlinJavaPsiFacade$CliFinder.knownClassNamesInPackage(KotlinJavaPsiFacade.java:548)
	at org.jetbrains.kotlin.resolve.jvm.KotlinJavaPsiFacade.knownClassNamesInPackage(KotlinJavaPsiFacade.java:251)
	at org.jetbrains.kotlin.load.java.JavaClassFinderImpl.knownClassNamesInPackage(JavaClassFinderImpl.kt:68)
	at org.jetbrains.kotlin.load.java.lazy.descriptors.LazyJavaPackageScope.knownClassNamesInPackage$lambda$0(LazyJavaPackageScope.kt:51)
	at org.jetbrains.kotlin.storage.LockBasedStorageManager$LockBasedLazyValue.invoke(LockBasedStorageManager.java:408)
	at org.jetbrains.kotlin.load.java.lazy.descriptors.LazyJavaPackageScope.findClassifier(LazyJavaPackageScope.kt:141)
	at org.jetbrains.kotlin.load.java.lazy.descriptors.LazyJavaPackageScope.getContributedClassifier(LazyJavaPackageScope.kt:136)
	at org.jetbrains.kotlin.load.java.lazy.descriptors.JvmPackageScope.getContributedClassifier(JvmPackageScope.kt:55)
	at org.jetbrains.kotlin.resolve.scopes.ChainedMemberScope.getContributedClassifier(ChainedMemberScope.kt:35)
	at org.jetbrains.kotlin.resolve.scopes.AbstractScopeAdapter.getContributedClassifier(AbstractScopeAdapter.kt:44)
	at org.jetbrains.kotlin.builtins.KotlinBuiltIns$3.invoke(KotlinBuiltIns.java:91)
	at org.jetbrains.kotlin.builtins.KotlinBuiltIns$3.invoke(KotlinBuiltIns.java:88)
	at org.jetbrains.kotlin.storage.LockBasedStorageManager$MapBasedMemoizedFunction.invoke(LockBasedStorageManager.java:578)
	at org.jetbrains.kotlin.storage.LockBasedStorageManager$MapBasedMemoizedFunctionToNotNull.invoke(LockBasedStorageManager.java:681)
	at org.jetbrains.kotlin.builtins.KotlinBuiltIns.getBuiltInClassByName(KotlinBuiltIns.java:223)
	at org.jetbrains.kotlin.builtins.KotlinBuiltIns.getNumber(KotlinBuiltIns.java:293)
	at org.jetbrains.kotlin.builtins.KotlinBuiltIns.getNumberType(KotlinBuiltIns.java:524)
	at com.google.devtools.ksp.processing.impl.ResolverImpl.<init>(ResolverImpl.kt:1145)
	at com.google.devtools.ksp.AbstractKotlinSymbolProcessingExtension.doAnalysis(KotlinSymbolProcessingExtension.kt:231)
	at org.jetbrains.kotlin.cli.jvm.compiler.TopDownAnalyzerFacadeForJVM.analyzeFilesWithJavaIntegration(TopDownAnalyzerFacadeForJVM.kt:112)
	at org.jetbrains.kotlin.cli.jvm.compiler.TopDownAnalyzerFacadeForJVM.analyzeFilesWithJavaIntegration$default(TopDownAnalyzerFacadeForJVM.kt:75)
	at org.jetbrains.kotlin.cli.jvm.compiler.KotlinToJVMBytecodeCompiler.analyze$lambda$12(KotlinToJVMBytecodeCompiler.kt:373)
	at org.jetbrains.kotlin.cli.common.messages.AnalyzerWithCompilerReport.analyzeAndReport(AnalyzerWithCompilerReport.kt:115)
	at org.jetbrains.kotlin.cli.jvm.compiler.KotlinToJVMBytecodeCompiler.analyze(KotlinToJVMBytecodeCompiler.kt:364)
	at org.jetbrains.kotlin.cli.jvm.compiler.KotlinToJVMBytecodeCompiler.runFrontendAndGenerateIrUsingClassicFrontend(KotlinToJVMBytecodeCompiler.kt:195)
	at org.jetbrains.kotlin.cli.jvm.compiler.KotlinToJVMBytecodeCompiler.compileModules$cli(KotlinToJVMBytecodeCompiler.kt:106)
	at org.jetbrains.kotlin.cli.jvm.K2JVMCompiler.doExecute(K2JVMCompiler.kt:176)
	at org.jetbrains.kotlin.cli.jvm.K2JVMCompiler.doExecute(K2JVMCompiler.kt:50)
	at org.jetbrains.kotlin.cli.common.CLICompiler.execImpl(CLICompiler.kt:104)
	at org.jetbrains.kotlin.cli.common.CLICompiler.execImpl(CLICompiler.kt:48)
	at org.jetbrains.kotlin.cli.common.CLITool.exec(CLITool.kt:101)
	at org.jetbrains.kotlin.daemon.CompileServiceImpl.compile(CompileServiceImpl.kt:1556)
	at jdk.internal.reflect.GeneratedMethodAccessor91.invoke(Unknown Source)
	at java.base/jdk.internal.reflect.DelegatingMethodAccessorImpl.invoke(Unknown Source)
	at java.base/java.lang.reflect.Method.invoke(Unknown Source)
	at java.rmi/sun.rmi.server.UnicastServerRef.dispatch(Unknown Source)
	at java.rmi/sun.rmi.transport.Transport$1.run(Unknown Source)
	at java.rmi/sun.rmi.transport.Transport$1.run(Unknown Source)
	at java.base/java.security.AccessController.doPrivileged(Unknown Source)
	at java.rmi/sun.rmi.transport.Transport.serviceCall(Unknown Source)
	at java.rmi/sun.rmi.transport.tcp.TCPTransport.handleMessages(Unknown Source)
	at java.rmi/sun.rmi.transport.tcp.TCPTransport$ConnectionHandler.run0(Unknown Source)
	at java.rmi/sun.rmi.transport.tcp.TCPTransport$ConnectionHandler.lambda$run$0(Unknown Source)
	at java.base/java.security.AccessController.doPrivileged(Unknown Source)
	at java.rmi/sun.rmi.transport.tcp.TCPTransport$ConnectionHandler.run(Unknown Source)
	at java.base/java.util.concurrent.ThreadPoolExecutor.runWorker(Unknown Source)
	at java.base/java.util.concurrent.ThreadPoolExecutor$Worker.run(Unknown Source)
	at java.base/java.lang.Thread.run(Unknown Source)


